<?xml version="1.0" encoding="UTF-8"?>
<!-- Generated by org.testng.reporters.JUnitXMLReporter -->
<testsuite ignored="0" hostname="ELDEN-QA6L" failures="0" tests="6" name="Test" time="1.305" errors="0" timestamp="2022-07-31T01:18:17 IST">
  <testcase classname="org.testing.TestCases.TestCase_1" name="postMethodwithPermeterizedId" time="1.041"/>
  <testcase classname="org.testing.TestCases.TestCase_2" name="getAll" time="0.057"/>
  <testcase classname="org.testing.TestCases.TestCase_3" name="getValueAsPerID" time="0.041"/>
  <testcase classname="org.testing.TestCases.TestCase_3" name="getAllValues" time="0.032"/>
  <testcase classname="org.testing.TestCases.TestCase_4" name="updateRecord" time="0.033"/>
  <testcase classname="org.testing.TestCases.TestCase_5" name="removerRecord" time="0.058"/>
</testsuite> <!-- Test -->
