<?xml version="1.0" encoding="UTF-8"?>
<!-- Generated by org.testng.reporters.JUnitXMLReporter -->
<testsuite ignored="0" hostname="ELDEN-QA6L" failures="0" tests="6" name="Test" time="1.293" errors="0" timestamp="2022-07-31T00:23:47 IST">
  <testcase classname="org.testing.TestCases.TestCase_1" name="postMethodwithPermeterizedId" time="1.004"/>
  <testcase classname="org.testing.TestCases.TestCase_2" name="getAll" time="0.048"/>
  <testcase classname="org.testing.TestCases.TestCase_3" name="getValueAsPerID" time="0.043"/>
  <testcase classname="org.testing.TestCases.TestCase_3" name="getAllValues" time="0.064"/>
  <testcase classname="org.testing.TestCases.TestCase_4" name="updateRecord" time="0.057"/>
  <testcase classname="org.testing.TestCases.TestCase_5" name="removerRecord" time="0.034"/>
</testsuite> <!-- Test -->
