<?xml version="1.0" encoding="UTF-8"?>
<testng-results ignored="0" total="6" passed="6" failed="0" skipped="0">
  <reporter-output>
  </reporter-output>
  <suite started-at="2022-07-31T00:23:46 IST" name="Suite" finished-at="2022-07-31T00:23:47 IST" duration-ms="1293">
    <groups>
    </groups>
    <test started-at="2022-07-31T00:23:46 IST" name="Test" finished-at="2022-07-31T00:23:47 IST" duration-ms="1293">
      <class name="org.testing.TestCases.TestCase_4">
        <test-method signature="updateRecord()[pri:5, instance:org.testing.TestCases.TestCase_4@2fd1433e]" started-at="2022-07-31T00:23:47 IST" name="updateRecord" finished-at="2022-07-31T00:23:47 IST" duration-ms="57" status="PASS">
          <reporter-output>
          </reporter-output>
        </test-method> <!-- updateRecord -->
      </class> <!-- org.testing.TestCases.TestCase_4 -->
      <class name="org.testing.TestCases.TestCase_5">
        <test-method signature="removerRecord()[pri:6, instance:org.testing.TestCases.TestCase_5@29d89d5d]" started-at="2022-07-31T00:23:47 IST" name="removerRecord" finished-at="2022-07-31T00:23:47 IST" duration-ms="34" status="PASS">
          <reporter-output>
          </reporter-output>
        </test-method> <!-- removerRecord -->
      </class> <!-- org.testing.TestCases.TestCase_5 -->
      <class name="org.testing.TestCases.TestCase_2">
        <test-method signature="getAll()[pri:2, instance:org.testing.TestCases.TestCase_2@932bc4a]" started-at="2022-07-31T00:23:47 IST" name="getAll" finished-at="2022-07-31T00:23:47 IST" duration-ms="48" status="PASS">
          <reporter-output>
          </reporter-output>
        </test-method> <!-- getAll -->
      </class> <!-- org.testing.TestCases.TestCase_2 -->
      <class name="org.testing.TestCases.TestCase_3">
        <test-method signature="getValueAsPerID()[pri:3, instance:org.testing.TestCases.TestCase_3@d29f28]" started-at="2022-07-31T00:23:47 IST" name="getValueAsPerID" finished-at="2022-07-31T00:23:47 IST" duration-ms="43" status="PASS">
          <reporter-output>
          </reporter-output>
        </test-method> <!-- getValueAsPerID -->
        <test-method signature="getAllValues()[pri:4, instance:org.testing.TestCases.TestCase_3@d29f28]" started-at="2022-07-31T00:23:47 IST" name="getAllValues" finished-at="2022-07-31T00:23:47 IST" duration-ms="64" status="PASS">
          <reporter-output>
          </reporter-output>
        </test-method> <!-- getAllValues -->
      </class> <!-- org.testing.TestCases.TestCase_3 -->
      <class name="org.testing.TestCases.TestCase_1">
        <test-method signature="postMethodwithPermeterizedId()[pri:1, instance:org.testing.TestCases.TestCase_1@1e6454ec]" started-at="2022-07-31T00:23:46 IST" name="postMethodwithPermeterizedId" finished-at="2022-07-31T00:23:47 IST" duration-ms="1004" status="PASS">
          <reporter-output>
          </reporter-output>
        </test-method> <!-- postMethodwithPermeterizedId -->
      </class> <!-- org.testing.TestCases.TestCase_1 -->
    </test> <!-- Test -->
  </suite> <!-- Suite -->
</testng-results>
